creating new image /tmp/jtronge%lulesh:mpi-no-openmp
creating new image /tmp/jtronge%lulesh:mpi-no-openmp
creating new image /tmp/jtronge%lulesh:mpi-no-openmp
creating new image /tmp/jtronge%lulesh:mpi-no-openmp
creating new image /tmp/jtronge%lulesh:mpi-no-openmp
creating new image /tmp/jtronge%lulesh:mpi-no-openmp
creating new image /tmp/jtronge%lulesh:mpi-no-openmp
creating new image /tmp/jtronge%lulesh:mpi-no-openmp
creating new image /tmp/jtronge%lulesh:mpi-no-openmp
creating new image /tmp/jtronge%lulesh:mpi-no-openmp
creating new image /tmp/jtronge%lulesh:mpi-no-openmp
creating new image /tmp/jtronge%lulesh:mpi-no-openmp
creating new image /tmp/jtronge%lulesh:mpi-no-openmp
creating new image /tmp/jtronge%lulesh:mpi-no-openmp
creating new image /tmp/jtronge%lulesh:mpi-no-openmp
creating new image /tmp/jtronge%lulesh:mpi-no-openmp
creating new image /tmp/jtronge%lulesh:mpi-no-openmp
creating new image /tmp/jtronge%lulesh:mpi-no-openmp
creating new image /tmp/jtronge%lulesh:mpi-no-openmp
creating new image /tmp/jtronge%lulesh:mpi-no-openmp
creating new image /tmp/jtronge%lulesh:mpi-no-openmp
creating new image /tmp/jtronge%lulesh:mpi-no-openmp
creating new image /tmp/jtronge%lulesh:mpi-no-openmp
creating new image /tmp/jtronge%lulesh:mpi-no-openmp
creating new image /tmp/jtronge%lulesh:mpi-no-openmp
creating new image /tmp/jtronge%lulesh:mpi-no-openmp
creating new image /tmp/jtronge%lulesh:mpi-no-openmp
creating new image /tmp/jtronge%lulesh:mpi-no-openmp
creating new image /tmp/jtronge%lulesh:mpi-no-openmp
creating new image /tmp/jtronge%lulesh:mpi-no-openmp
creating new image /tmp/jtronge%lulesh:mpi-no-openmp
creating new image /tmp/jtronge%lulesh:mpi-no-openmp
creating new image /tmp/jtronge%lulesh:mpi-no-openmp
creating new image /tmp/jtronge%lulesh:mpi-no-openmp
creating new image /tmp/jtronge%lulesh:mpi-no-openmp
creating new image /tmp/jtronge%lulesh:mpi-no-openmp
creating new image /tmp/jtronge%lulesh:mpi-no-openmp
creating new image /tmp/jtronge%lulesh:mpi-no-openmp
creating new image /tmp/jtronge%lulesh:mpi-no-openmp
creating new image /tmp/jtronge%lulesh:mpi-no-openmp
creating new image /tmp/jtronge%lulesh:mpi-no-openmp
creating new image /tmp/jtronge%lulesh:mpi-no-openmp
creating new image /tmp/jtronge%lulesh:mpi-no-openmp
creating new image /tmp/jtronge%lulesh:mpi-no-openmp
creating new image /tmp/jtronge%lulesh:mpi-no-openmp
creating new image /tmp/jtronge%lulesh:mpi-no-openmp
creating new image /tmp/jtronge%lulesh:mpi-no-openmp
creating new image /tmp/jtronge%lulesh:mpi-no-openmp
creating new image /tmp/jtronge%lulesh:mpi-no-openmp
creating new image /tmp/jtronge%lulesh:mpi-no-openmp
creating new image /tmp/jtronge%lulesh:mpi-no-openmp
creating new image /tmp/jtronge%lulesh:mpi-no-openmp
creating new image /tmp/jtronge%lulesh:mpi-no-openmp
creating new image /tmp/jtronge%lulesh:mpi-no-openmp
creating new image /tmp/jtronge%lulesh:mpi-no-openmp
creating new image /tmp/jtronge%lulesh:mpi-no-openmp
creating new image /tmp/jtronge%lulesh:mpi-no-openmp
creating new image /tmp/jtronge%lulesh:mpi-no-openmp
creating new image /tmp/jtronge%lulesh:mpi-no-openmp
creating new image /tmp/jtronge%lulesh:mpi-no-openmp
creating new image /tmp/jtronge%lulesh:mpi-no-openmp
creating new image /tmp/jtronge%lulesh:mpi-no-openmp
creating new image /tmp/jtronge%lulesh:mpi-no-openmp
creating new image /tmp/jtronge%lulesh:mpi-no-openmp
/tmp/jtronge%lulesh:mpi-no-openmp unpacked ok
/tmp/jtronge%lulesh:mpi-no-openmp unpacked ok
Running problem size 60^3 per domain until completion
Num processors: 64
Total number of elements: 13824000 

To run other sizes, use -s <integer>.
To run a fixed number of iterations, use -i <integer>.
To run a more or less balanced region set, use -b <integer>.
To change the relative costs of regions, use -c <integer>.
To print out progress, use -p
To write an output file for VisIt, use -v
See help (-h) for more options

Run completed:
   Problem size        =  60
   MPI tasks           =  64
   Iteration count     =  600
   Final Origin Energy =  1.603375e+08
   Testing Plane 0 of Energy Array on rank 0:
        MaxAbsDiff   = 5.587935e-08
        TotalAbsDiff = 3.926446e-07
        MaxRelDiff   = 7.221238e-11

Elapsed time         =    3.6e+02 (s)
Grind time (us/z/c)  =  2.7485348 (per dom)  ( 356.21012 overall)
FOM                  =  23285.133 (z/s)

