creating new image /tmp/jtronge%lulesh:mpi-no-openmp
creating new image /tmp/jtronge%lulesh:mpi-no-openmp
creating new image /tmp/jtronge%lulesh:mpi-no-openmp
creating new image /tmp/jtronge%lulesh:mpi-no-openmp
creating new image /tmp/jtronge%lulesh:mpi-no-openmp
creating new image /tmp/jtronge%lulesh:mpi-no-openmp
creating new image /tmp/jtronge%lulesh:mpi-no-openmp
creating new image /tmp/jtronge%lulesh:mpi-no-openmp
creating new image /tmp/jtronge%lulesh:mpi-no-openmp
creating new image /tmp/jtronge%lulesh:mpi-no-openmp
creating new image /tmp/jtronge%lulesh:mpi-no-openmp
creating new image /tmp/jtronge%lulesh:mpi-no-openmp
creating new image /tmp/jtronge%lulesh:mpi-no-openmp
creating new image /tmp/jtronge%lulesh:mpi-no-openmp
creating new image /tmp/jtronge%lulesh:mpi-no-openmp
creating new image /tmp/jtronge%lulesh:mpi-no-openmp
creating new image /tmp/jtronge%lulesh:mpi-no-openmp
creating new image /tmp/jtronge%lulesh:mpi-no-openmp
creating new image /tmp/jtronge%lulesh:mpi-no-openmp
creating new image /tmp/jtronge%lulesh:mpi-no-openmp
creating new image /tmp/jtronge%lulesh:mpi-no-openmp
creating new image /tmp/jtronge%lulesh:mpi-no-openmp
creating new image /tmp/jtronge%lulesh:mpi-no-openmp
creating new image /tmp/jtronge%lulesh:mpi-no-openmp
creating new image /tmp/jtronge%lulesh:mpi-no-openmp
creating new image /tmp/jtronge%lulesh:mpi-no-openmp
creating new image /tmp/jtronge%lulesh:mpi-no-openmp
/tmp/jtronge%lulesh:mpi-no-openmp unpacked ok
Running problem size 60^3 per domain until completion
Num processors: 27
Total number of elements: 5832000 

To run other sizes, use -s <integer>.
To run a fixed number of iterations, use -i <integer>.
To run a more or less balanced region set, use -b <integer>.
To change the relative costs of regions, use -c <integer>.
To print out progress, use -p
To write an output file for VisIt, use -v
See help (-h) for more options

Run completed:
   Problem size        =  60
   MPI tasks           =  27
   Iteration count     =  600
   Final Origin Energy =  6.764237e+07
   Testing Plane 0 of Energy Array on rank 0:
        MaxAbsDiff   = 6.519258e-09
        TotalAbsDiff = 1.274683e-07
        MaxRelDiff   = 5.378424e-12

Elapsed time         =      3e+02 (s)
Grind time (us/z/c)  =  2.3224368 (per dom)  ( 300.98781 overall)
FOM                  =   11625.72 (z/s)

