1640094089.111067:bee_init_start

1640094107.1308894:bee_init_end

1640094107.1309316:scale_tests_start

1640094107.1309462:scale_test_start|run-2_comd-1

1640094107.1309543:scale_test_container_build_start|run-2_comd-1

1640094201.8490553:scale_test_container_build_end|run-2_comd-1

1640094201.8490798:scale_test_workflow_prep_start|run-2_comd-1

1640094201.863953:scale_test_workflow_prep_end|run-2_comd-1

1640094201.863971:scale_test_workflow_exec_start|run-2_comd-1

1640095044.6609447:scale_test_workflow_exec_end|run-2_comd-1

1640095044.6609545:scale_test_end|run-2_comd-1

1640095044.6609585:scale_test_start|run-2_comd-2

1640095044.6609607:scale_test_container_build_start|run-2_comd-2

1640095120.1264565:scale_test_container_build_end|run-2_comd-2

1640095120.1264825:scale_test_workflow_prep_start|run-2_comd-2

1640095120.1357982:scale_test_workflow_prep_end|run-2_comd-2

1640095120.1358173:scale_test_workflow_exec_start|run-2_comd-2

1640095727.2969968:scale_test_workflow_exec_end|run-2_comd-2

1640095727.2970088:scale_test_end|run-2_comd-2

1640095727.2970128:scale_test_start|run-2_comd-4

1640095727.297015:scale_test_container_build_start|run-2_comd-4

1640095804.567436:scale_test_container_build_end|run-2_comd-4

1640095804.56746:scale_test_workflow_prep_start|run-2_comd-4

1640095804.5753038:scale_test_workflow_prep_end|run-2_comd-4

1640095804.5753222:scale_test_workflow_exec_start|run-2_comd-4

1640096134.8208592:scale_test_workflow_exec_end|run-2_comd-4

1640096134.8208702:scale_test_end|run-2_comd-4

1640096134.820875:scale_test_start|run-2_comd-8

1640096134.820877:scale_test_container_build_start|run-2_comd-8

1640096214.286945:scale_test_container_build_end|run-2_comd-8

1640096214.2869697:scale_test_workflow_prep_start|run-2_comd-8

1640096214.2957506:scale_test_workflow_prep_end|run-2_comd-8

1640096214.2957706:scale_test_workflow_exec_start|run-2_comd-8

1640096408.1584084:scale_test_workflow_exec_end|run-2_comd-8

1640096408.1584196:scale_test_end|run-2_comd-8

1640096408.158424:scale_test_start|run-2_comd-16

1640096408.1584258:scale_test_container_build_start|run-2_comd-16

1640096487.2687228:scale_test_container_build_end|run-2_comd-16

1640096487.2687457:scale_test_workflow_prep_start|run-2_comd-16

1640096487.2760181:scale_test_workflow_prep_end|run-2_comd-16

1640096487.2760353:scale_test_workflow_exec_start|run-2_comd-16

1640096601.09042:scale_test_workflow_exec_end|run-2_comd-16

1640096601.0904305:scale_test_end|run-2_comd-16

1640096601.0904384:scale_tests_end

1640096601.0904405:bee_shutdown_start

1640096601.1123397:bee_shutdown_end

