1640019628.3586137:bee_init_start

1640019646.378276:bee_init_end

1640019646.3783157:scale_tests_start

1640019646.3783317:scale_test_start|lulesh-openmp-2-core

1640019646.378341:scale_test_container_build_start|lulesh-openmp-2-core

1640019748.215657:scale_test_container_build_end|lulesh-openmp-2-core

1640019748.2156813:scale_test_workflow_prep_start|lulesh-openmp-2-core

1640019748.2315361:scale_test_workflow_prep_end|lulesh-openmp-2-core

1640019748.2315533:scale_test_workflow_exec_start|lulesh-openmp-2-core

1640019996.890291:scale_test_workflow_exec_end|lulesh-openmp-2-core

1640019996.890301:scale_test_end|lulesh-openmp-2-core

1640019996.890305:scale_test_start|lulesh-openmp-4-core

1640019996.8903072:scale_test_container_build_start|lulesh-openmp-4-core

1640020082.1023893:scale_test_container_build_end|lulesh-openmp-4-core

1640020082.1024158:scale_test_workflow_prep_start|lulesh-openmp-4-core

1640020082.1114385:scale_test_workflow_prep_end|lulesh-openmp-4-core

1640020082.1114597:scale_test_workflow_exec_start|lulesh-openmp-4-core

1640020187.5820682:scale_test_workflow_exec_end|lulesh-openmp-4-core

1640020187.582078:scale_test_end|lulesh-openmp-4-core

1640020187.5820818:scale_test_start|lulesh-openmp-8-core

1640020187.5820837:scale_test_container_build_start|lulesh-openmp-8-core

1640020272.3505952:scale_test_container_build_end|lulesh-openmp-8-core

1640020272.3506243:scale_test_workflow_prep_start|lulesh-openmp-8-core

1640020272.3589427:scale_test_workflow_prep_end|lulesh-openmp-8-core

1640020272.358962:scale_test_workflow_exec_start|lulesh-openmp-8-core

1640020361.9141166:scale_test_workflow_exec_end|lulesh-openmp-8-core

1640020361.9141264:scale_test_end|lulesh-openmp-8-core

1640020361.914134:scale_test_start|lulesh-openmp-16-core

1640020361.9141362:scale_test_container_build_start|lulesh-openmp-16-core

1640020447.5447085:scale_test_container_build_end|lulesh-openmp-16-core

1640020447.5447345:scale_test_workflow_prep_start|lulesh-openmp-16-core

1640020447.5522926:scale_test_workflow_prep_end|lulesh-openmp-16-core

1640020447.5523124:scale_test_workflow_exec_start|lulesh-openmp-16-core

1640020512.6343281:scale_test_workflow_exec_end|lulesh-openmp-16-core

1640020512.6343372:scale_test_end|lulesh-openmp-16-core

1640020512.6343415:scale_tests_end

1640020512.6343439:bee_shutdown_start

1640020512.6530762:bee_shutdown_end

