1643220989.5481203:bee_init_start

1643221007.5678:bee_init_end

1643221007.5678418:scale_tests_start

1643221007.567862:scale_test_start|nwchem-run-35efa19ca7662489b7388c4a00b16645d73ccc48

1643221007.5678697:scale_test_container_build_start|nwchem-run-35efa19ca7662489b7388c4a00b16645d73ccc48

1643221007.5678728:scale_test_workflow_prep_start|nwchem-run-35efa19ca7662489b7388c4a00b16645d73ccc48

1643221007.577642:scale_test_workflow_prep_end|nwchem-run-35efa19ca7662489b7388c4a00b16645d73ccc48

1643221007.5776577:scale_test_workflow_exec_start|nwchem-run-35efa19ca7662489b7388c4a00b16645d73ccc48

1643221099.8112528:scale_test_workflow_exec_end|nwchem-run-35efa19ca7662489b7388c4a00b16645d73ccc48

1643221099.811262:scale_test_end|nwchem-run-35efa19ca7662489b7388c4a00b16645d73ccc48

1643221099.8112671:scale_test_start|nwchem-run-2afe98c0a9f842cdad0b1bc25aedb1fd66ac1db0

1643221099.8112693:scale_test_container_build_start|nwchem-run-2afe98c0a9f842cdad0b1bc25aedb1fd66ac1db0

1643221099.8112717:scale_test_workflow_prep_start|nwchem-run-2afe98c0a9f842cdad0b1bc25aedb1fd66ac1db0

1643221099.8193758:scale_test_workflow_prep_end|nwchem-run-2afe98c0a9f842cdad0b1bc25aedb1fd66ac1db0

1643221099.8193936:scale_test_workflow_exec_start|nwchem-run-2afe98c0a9f842cdad0b1bc25aedb1fd66ac1db0

1643221188.9089313:scale_test_workflow_exec_end|nwchem-run-2afe98c0a9f842cdad0b1bc25aedb1fd66ac1db0

1643221188.9089406:scale_test_end|nwchem-run-2afe98c0a9f842cdad0b1bc25aedb1fd66ac1db0

1643221188.9089448:scale_test_start|nwchem-run-a4d514a59c8014fe60b70c1aec0b494ee654aad3

1643221188.9089468:scale_test_container_build_start|nwchem-run-a4d514a59c8014fe60b70c1aec0b494ee654aad3

1643221188.908949:scale_test_workflow_prep_start|nwchem-run-a4d514a59c8014fe60b70c1aec0b494ee654aad3

1643221188.915692:scale_test_workflow_prep_end|nwchem-run-a4d514a59c8014fe60b70c1aec0b494ee654aad3

1643221188.9157095:scale_test_workflow_exec_start|nwchem-run-a4d514a59c8014fe60b70c1aec0b494ee654aad3

1643221282.0315077:scale_test_workflow_exec_end|nwchem-run-a4d514a59c8014fe60b70c1aec0b494ee654aad3

1643221282.0315177:scale_test_end|nwchem-run-a4d514a59c8014fe60b70c1aec0b494ee654aad3

1643221282.0315218:scale_test_start|nwchem-run-adab52acbbc0fb65b35856abf53937360bb52026

1643221282.0315242:scale_test_container_build_start|nwchem-run-adab52acbbc0fb65b35856abf53937360bb52026

1643221282.031526:scale_test_workflow_prep_start|nwchem-run-adab52acbbc0fb65b35856abf53937360bb52026

1643221282.0414984:scale_test_workflow_prep_end|nwchem-run-adab52acbbc0fb65b35856abf53937360bb52026

1643221282.041515:scale_test_workflow_exec_start|nwchem-run-adab52acbbc0fb65b35856abf53937360bb52026

1643221507.4966302:scale_test_workflow_exec_end|nwchem-run-adab52acbbc0fb65b35856abf53937360bb52026

1643221507.49664:scale_test_end|nwchem-run-adab52acbbc0fb65b35856abf53937360bb52026

1643221507.4966443:scale_test_start|nwchem-run-519b710bd09ebe3c10703293093d3cf70ce44333

1643221507.4966462:scale_test_container_build_start|nwchem-run-519b710bd09ebe3c10703293093d3cf70ce44333

1643221507.4966526:scale_test_workflow_prep_start|nwchem-run-519b710bd09ebe3c10703293093d3cf70ce44333

1643221507.5033104:scale_test_workflow_prep_end|nwchem-run-519b710bd09ebe3c10703293093d3cf70ce44333

1643221507.5033274:scale_test_workflow_exec_start|nwchem-run-519b710bd09ebe3c10703293093d3cf70ce44333

1643221728.8093448:scale_test_workflow_exec_end|nwchem-run-519b710bd09ebe3c10703293093d3cf70ce44333

1643221728.8093553:scale_test_end|nwchem-run-519b710bd09ebe3c10703293093d3cf70ce44333

1643221728.80936:scale_tests_end

1643221728.8093634:bee_shutdown_start

1643221728.8235648:bee_shutdown_end

