creating new image /tmp/jtronge%lulesh:mpi-no-openmp
creating new image /tmp/jtronge%lulesh:mpi-no-openmp
creating new image /tmp/jtronge%lulesh:mpi-no-openmp
creating new image /tmp/jtronge%lulesh:mpi-no-openmp
creating new image /tmp/jtronge%lulesh:mpi-no-openmp
creating new image /tmp/jtronge%lulesh:mpi-no-openmp
creating new image /tmp/jtronge%lulesh:mpi-no-openmp
creating new image /tmp/jtronge%lulesh:mpi-no-openmp
/tmp/jtronge%lulesh:mpi-no-openmp unpacked ok
Running problem size 60^3 per domain until completion
Num processors: 8
Total number of elements: 1728000 

To run other sizes, use -s <integer>.
To run a fixed number of iterations, use -i <integer>.
To run a more or less balanced region set, use -b <integer>.
To change the relative costs of regions, use -c <integer>.
To print out progress, use -p
To write an output file for VisIt, use -v
See help (-h) for more options

Run completed:
   Problem size        =  60
   MPI tasks           =  8
   Iteration count     =  600
   Final Origin Energy =  2.004218e+07
   Testing Plane 0 of Energy Array on rank 0:
        MaxAbsDiff   = 4.190952e-09
        TotalAbsDiff = 4.385076e-08
        MaxRelDiff   = 1.311671e-11

Elapsed time         =    2.5e+02 (s)
Grind time (us/z/c)  =  1.9152623 (per dom)  ( 248.21799 overall)
FOM                  =  4176.9736 (z/s)

